2025-04-21 10:09:30,622 - INFO - \U0001f504 Iniciando proceso de extracción y procesamiento CSV.
2025-04-21 10:10:17,504 - INFO - \u2705 Proceso completado en 46.88 segundos.
2025-04-21 10:30:17,312 - INFO - \U0001f504 Iniciando proceso de extracción y procesamiento CSV.
2025-04-21 12:04:23,303 - WARNING - Retrying (Retry(total=2, connect=None, read=None, redirect=None, status=None)) after connection broken by 'ReadTimeoutError("HTTPConnectionPool(host='localhost', port=51332): Read timed out. (read timeout=120)")': /session/feed8c769319dd02ae832f1e861f2f9b
2025-04-21 12:06:23,313 - WARNING - Retrying (Retry(total=1, connect=None, read=None, redirect=None, status=None)) after connection broken by 'ReadTimeoutError("HTTPConnectionPool(host='localhost', port=51332): Read timed out. (read timeout=120)")': /session/feed8c769319dd02ae832f1e861f2f9b
2025-04-21 12:08:23,318 - WARNING - Retrying (Retry(total=0, connect=None, read=None, redirect=None, status=None)) after connection broken by 'ReadTimeoutError("HTTPConnectionPool(host='localhost', port=51332): Read timed out. (read timeout=120)")': /session/feed8c769319dd02ae832f1e861f2f9b
2025-04-22 04:51:47,998 - INFO - \u2705 Proceso completado en 66090.69 segundos.
2025-04-22 09:13:33,660 - INFO - \U0001f504 Iniciando proceso de extracción y procesamiento CSV.
2025-04-23 00:21:12,421 - WARNING - Retrying (Retry(total=2, connect=None, read=None, redirect=None, status=None)) after connection broken by 'ReadTimeoutError("HTTPConnectionPool(host='localhost', port=52330): Read timed out. (read timeout=120)")': /session/eba8214026a798c7c8c2cbed479f6c0c
2025-04-23 00:23:14,134 - WARNING - Retrying (Retry(total=1, connect=None, read=None, redirect=None, status=None)) after connection broken by 'ReadTimeoutError("HTTPConnectionPool(host='localhost', port=52330): Read timed out. (read timeout=120)")': /session/eba8214026a798c7c8c2cbed479f6c0c
2025-04-23 00:25:14,540 - WARNING - Retrying (Retry(total=0, connect=None, read=None, redirect=None, status=None)) after connection broken by 'ReadTimeoutError("HTTPConnectionPool(host='localhost', port=52330): Read timed out. (read timeout=120)")': /session/eba8214026a798c7c8c2cbed479f6c0c
2025-04-23 00:32:49,520 - WARNING - Retrying (Retry(total=2, connect=None, read=None, redirect=None, status=None)) after connection broken by 'ReadTimeoutError("HTTPConnectionPool(host='localhost', port=60938): Read timed out. (read timeout=120)")': /session/f8bd60299a7b4754b4fad6348b4c0c8e/source
2025-04-23 00:33:24,438 - WARNING - Retrying (Retry(total=2, connect=None, read=None, redirect=None, status=None)) after connection broken by 'ReadTimeoutError("HTTPConnectionPool(host='localhost', port=61170): Read timed out. (read timeout=120)")': /session/82f3b164b7d13849ed83f61b16c07a43/source
2025-04-23 00:34:49,556 - WARNING - Retrying (Retry(total=1, connect=None, read=None, redirect=None, status=None)) after connection broken by 'ReadTimeoutError("HTTPConnectionPool(host='localhost', port=60938): Read timed out. (read timeout=120)")': /session/f8bd60299a7b4754b4fad6348b4c0c8e/source
2025-04-23 00:35:24,485 - WARNING - Retrying (Retry(total=1, connect=None, read=None, redirect=None, status=None)) after connection broken by 'ReadTimeoutError("HTTPConnectionPool(host='localhost', port=61170): Read timed out. (read timeout=120)")': /session/82f3b164b7d13849ed83f61b16c07a43/source
2025-04-23 00:36:49,586 - WARNING - Retrying (Retry(total=0, connect=None, read=None, redirect=None, status=None)) after connection broken by 'ReadTimeoutError("HTTPConnectionPool(host='localhost', port=60938): Read timed out. (read timeout=120)")': /session/f8bd60299a7b4754b4fad6348b4c0c8e/source
2025-04-23 00:37:24,496 - WARNING - Retrying (Retry(total=0, connect=None, read=None, redirect=None, status=None)) after connection broken by 'ReadTimeoutError("HTTPConnectionPool(host='localhost', port=61170): Read timed out. (read timeout=120)")': /session/82f3b164b7d13849ed83f61b16c07a43/source
2025-04-23 00:40:49,681 - WARNING - Retrying (Retry(total=2, connect=None, read=None, redirect=None, status=None)) after connection broken by 'ReadTimeoutError("HTTPConnectionPool(host='localhost', port=60938): Read timed out. (read timeout=120)")': /session/f8bd60299a7b4754b4fad6348b4c0c8e
2025-04-23 00:41:24,536 - WARNING - Retrying (Retry(total=2, connect=None, read=None, redirect=None, status=None)) after connection broken by 'ReadTimeoutError("HTTPConnectionPool(host='localhost', port=61170): Read timed out. (read timeout=120)")': /session/82f3b164b7d13849ed83f61b16c07a43
2025-04-23 00:42:49,696 - WARNING - Retrying (Retry(total=1, connect=None, read=None, redirect=None, status=None)) after connection broken by 'ReadTimeoutError("HTTPConnectionPool(host='localhost', port=60938): Read timed out. (read timeout=120)")': /session/f8bd60299a7b4754b4fad6348b4c0c8e
2025-04-23 00:43:24,566 - WARNING - Retrying (Retry(total=1, connect=None, read=None, redirect=None, status=None)) after connection broken by 'ReadTimeoutError("HTTPConnectionPool(host='localhost', port=61170): Read timed out. (read timeout=120)")': /session/82f3b164b7d13849ed83f61b16c07a43
2025-04-23 00:44:49,713 - WARNING - Retrying (Retry(total=0, connect=None, read=None, redirect=None, status=None)) after connection broken by 'ReadTimeoutError("HTTPConnectionPool(host='localhost', port=60938): Read timed out. (read timeout=120)")': /session/f8bd60299a7b4754b4fad6348b4c0c8e
2025-04-23 00:45:24,580 - WARNING - Retrying (Retry(total=0, connect=None, read=None, redirect=None, status=None)) after connection broken by 'ReadTimeoutError("HTTPConnectionPool(host='localhost', port=61170): Read timed out. (read timeout=120)")': /session/82f3b164b7d13849ed83f61b16c07a43
2025-04-23 00:48:57,211 - WARNING - Retrying (Retry(total=2, connect=None, read=None, redirect=None, status=None)) after connection broken by 'ReadTimeoutError("HTTPConnectionPool(host='localhost', port=50430): Read timed out. (read timeout=120)")': /session/74d16e861f5b2c821977839d3ff120fd
2025-04-23 00:50:57,274 - WARNING - Retrying (Retry(total=1, connect=None, read=None, redirect=None, status=None)) after connection broken by 'ReadTimeoutError("HTTPConnectionPool(host='localhost', port=50430): Read timed out. (read timeout=120)")': /session/74d16e861f5b2c821977839d3ff120fd
2025-04-23 00:52:57,291 - WARNING - Retrying (Retry(total=0, connect=None, read=None, redirect=None, status=None)) after connection broken by 'ReadTimeoutError("HTTPConnectionPool(host='localhost', port=50430): Read timed out. (read timeout=120)")': /session/74d16e861f5b2c821977839d3ff120fd
2025-04-23 00:53:31,277 - WARNING - Retrying (Retry(total=2, connect=None, read=None, redirect=None, status=None)) after connection broken by 'NewConnectionError('<urllib3.connection.HTTPConnection object at 0x0000024A14F2FF00>: Failed to establish a new connection: [WinError 10061] No se puede establecer una conexión ya que el equipo de destino denegó expresamente dicha conexión')': /session/5296ce058026f9501a77daeedc4b1cb9
2025-04-23 00:53:35,401 - WARNING - Retrying (Retry(total=1, connect=None, read=None, redirect=None, status=None)) after connection broken by 'NewConnectionError('<urllib3.connection.HTTPConnection object at 0x0000024A14F2E470>: Failed to establish a new connection: [WinError 10061] No se puede establecer una conexión ya que el equipo de destino denegó expresamente dicha conexión')': /session/5296ce058026f9501a77daeedc4b1cb9
2025-04-23 00:53:39,477 - WARNING - Retrying (Retry(total=0, connect=None, read=None, redirect=None, status=None)) after connection broken by 'NewConnectionError('<urllib3.connection.HTTPConnection object at 0x0000024A14CA0160>: Failed to establish a new connection: [WinError 10061] No se puede establecer una conexión ya que el equipo de destino denegó expresamente dicha conexión')': /session/5296ce058026f9501a77daeedc4b1cb9
